<?xml version="1.0" encoding="UTF-8"?>
<!-- Generated by org.testng.reporters.JUnitReportReporter -->
<testsuite skipped="0" hostname="Soumyansh-PC" name="FirefoxTest" tests="1" failures="0" timestamp="18 Mar 2018 06:11:22 GMT" time="3.127" errors="0">
  <testcase name="testGooglePageTitleInFirefox" time="3.127" classname="FirefoxTest"/>
</testsuite> <!-- FirefoxTest -->
