<?xml version="1.0" encoding="UTF-8"?>
<!-- Generated by org.testng.reporters.JUnitReportReporter -->
<testsuite skipped="0" hostname="Soumyansh-PC" name="ParallelTests" tests="2" failures="0" timestamp="18 Mar 2018 06:30:36 GMT" time="41.008" errors="0">
  <testcase name="TestLaunch" time="17.058" classname="ParallelTests"/>
  <testcase name="TestLaunch" time="23.950" classname="ParallelTests"/>
</testsuite> <!-- ParallelTests -->
